<?xml version="1.0" encoding="UTF-8"?>
<!-- Generated by org.testng.reporters.JUnitXMLReporter -->
<testsuite hostname="Saif" ignored="0" name="com.acorns" tests="7" failures="0" timestamp="06 Sep 2018 08:22:17 GMT" time="95.257" errors="0">
  <testcase name="clickOnInvesmentLinkTest" time="2.16" classname="com.acorns.testcases.HomePageTest"/>
  <testcase name="clickOnFoundMoneyLinkTest" time="2.958" classname="com.acorns.testcases.HomePageTest"/>
  <testcase name="clickOnAcornsLaterLinkTest" time="4.353" classname="com.acorns.testcases.HomePageTest"/>
  <testcase name="clickOnSpendLinkTest" time="6.196" classname="com.acorns.testcases.HomePageTest"/>
  <testcase name="clickOnPricingLinkTest" time="2.896" classname="com.acorns.testcases.HomePageTest"/>
  <testcase name="clickOnGrowMagazineLinkTest" time="0.892" classname="com.acorns.testcases.HomePageTest"/>
  <testcase name="clickOnGiftCArdLinkTest" time="2.664" classname="com.acorns.testcases.HomePageTest"/>
</testsuite> <!-- com.acorns -->
